<?xml version="1.0" encoding="UTF-8"?>
<!-- Generated by org.testng.reporters.JUnitReportReporter -->
<testsuite hostname="IT-A7610" name="com.tfs.send_email.SendEmail" tests="1" failures="0" timestamp="25 Aug 2016 09:15:36 GMT" time="6.307" errors="0">
  <testcase name="f" time="6.307" classname="com.tfs.send_email.SendEmail"/>
</testsuite> <!-- com.tfs.send_email.SendEmail -->
