<?xml version="1.0" encoding="UTF-8"?>
<!-- Generated by org.testng.reporters.JUnitReportReporter -->
<testsuite hostname="IT-A7610" name="taobao_tfs.TaobaoCart" tests="6" failures="0" timestamp="1 Sep 2016 06:09:03 GMT" time="87.003" errors="0">
  <testcase name="filter" time="17.560" classname="taobao_tfs.TaobaoCart"/>
  <testcase name="newWindows" time="9.675" classname="taobao_tfs.TaobaoCart"/>
  <testcase name="search" time="14.481" classname="taobao_tfs.TaobaoCart"/>
  <testcase name="chooseItem" time="5.819" classname="taobao_tfs.TaobaoCart"/>
  <testcase name="homePage" time="13.699" classname="taobao_tfs.TaobaoCart"/>
  <testcase name="login" time="25.769" classname="taobao_tfs.TaobaoCart"/>
</testsuite> <!-- taobao_tfs.TaobaoCart -->
