<?xml version="1.0" encoding="UTF-8"?>
<!-- Generated by org.testng.reporters.JUnitReportReporter -->
<testsuite hostname="IT-A7610" name="taobao_tfs.TaobaoCart" tests="6" failures="0" timestamp="31 Aug 2016 10:21:20 GMT" time="90.476" errors="0">
  <testcase name="chooseItem" time="5.810" classname="taobao_tfs.TaobaoCart"/>
  <testcase name="homePage" time="16.566" classname="taobao_tfs.TaobaoCart"/>
  <testcase name="search" time="13.331" classname="taobao_tfs.TaobaoCart"/>
  <testcase name="filter" time="18.602" classname="taobao_tfs.TaobaoCart"/>
  <testcase name="newWindows" time="10.392" classname="taobao_tfs.TaobaoCart"/>
  <testcase name="login" time="25.775" classname="taobao_tfs.TaobaoCart"/>
</testsuite> <!-- taobao_tfs.TaobaoCart -->
