<?xml version="1.0" encoding="UTF-8"?>
<!-- Generated by org.testng.reporters.JUnitReportReporter -->
<testsuite hostname="IT-A7610" name="tfs_package.ApplicationAssign" tests="4" failures="0" timestamp="22 Sep 2016 06:16:17 GMT" time="40.336" errors="0">
  <testcase name="assign" time="11.396" classname="tfs_package.ApplicationAssign"/>
  <testcase name="filter" time="18.815" classname="tfs_package.ApplicationAssign"/>
  <testcase name="login" time="7.062" classname="tfs_package.ApplicationAssign"/>
  <testcase name="menu" time="3.063" classname="tfs_package.ApplicationAssign"/>
</testsuite> <!-- tfs_package.ApplicationAssign -->
