<?xml version="1.0" encoding="UTF-8"?>
<!-- Generated by org.testng.reporters.JUnitReportReporter -->
<testsuite hostname="IT-A7610" name="tfs_package.Test_Page_Object" tests="1" failures="0" timestamp="11 Oct 2016 09:36:36 GMT" time="4.983" errors="0">
  <testcase name="f" time="4.983" classname="tfs_package.Test_Page_Object"/>
</testsuite> <!-- tfs_package.Test_Page_Object -->
