<?xml version="1.0" encoding="UTF-8"?>
<!-- Generated by org.testng.reporters.JUnitReportReporter -->
<testsuite hostname="IT-A7610" name="tfs_package.QualityAssurance" tests="4" failures="0" timestamp="9 Oct 2016 07:14:58 GMT" time="43.052" errors="0">
  <testcase name="login" time="4.225" classname="tfs_package.QualityAssurance"/>
  <testcase name="menu" time="2.166" classname="tfs_package.QualityAssurance"/>
  <testcase name="filter4Quality" time="25.394" classname="tfs_package.QualityAssurance"/>
  <testcase name="doQuality" time="11.267" classname="tfs_package.QualityAssurance"/>
</testsuite> <!-- tfs_package.QualityAssurance -->
