<?xml version="1.0" encoding="UTF-8"?>
<!-- Generated by org.testng.reporters.JUnitReportReporter -->
<testsuite hostname="IT-A7610" name="testNG.HotWater" tests="1" failures="0" timestamp="6 Sep 2016 09:32:31 GMT" time="0.011" errors="0">
  <testcase name="f" time="0.011" classname="testNG.HotWater"/>
</testsuite> <!-- testNG.HotWater -->
