<?xml version="1.0" encoding="UTF-8"?>
<!-- Generated by org.testng.reporters.JUnitReportReporter -->
<testsuite hostname="IT-A7610" name="tfs_package.CustomerInformation" tests="4" failures="0" timestamp="22 Sep 2016 09:41:29 GMT" time="66.289" errors="0">
  <testcase name="FillInInformation" time="26.743" classname="tfs_package.CustomerInformation"/>
  <testcase name="login" time="8.385" classname="tfs_package.CustomerInformation"/>
  <testcase name="filter" time="28.104" classname="tfs_package.CustomerInformation"/>
  <testcase name="menu" time="3.057" classname="tfs_package.CustomerInformation"/>
</testsuite> <!-- tfs_package.CustomerInformation -->
