<?xml version="1.0" encoding="UTF-8"?>
<!-- Generated by org.testng.reporters.JUnitReportReporter -->
<testsuite hostname="IT-A7610" name="tfs_package.CustomerInformation" tests="7" failures="0" timestamp="9 Oct 2016 02:27:16 GMT" time="130.051" errors="0">
  <testcase name="filter4Image" time="28.281" classname="tfs_package.CustomerInformation"/>
  <testcase name="fillInInformation" time="22.878" classname="tfs_package.CustomerInformation"/>
  <testcase name="filter4BaseInformation" time="28.051" classname="tfs_package.CustomerInformation"/>
  <testcase name="uploadImage" time="37.549" classname="tfs_package.CustomerInformation"/>
  <testcase name="login" time="7.163" classname="tfs_package.CustomerInformation"/>
  <testcase name="menu" time="3.074" classname="tfs_package.CustomerInformation"/>
  <testcase name="menu2" time="3.055" classname="tfs_package.CustomerInformation"/>
</testsuite> <!-- tfs_package.CustomerInformation -->
