<?xml version="1.0" encoding="UTF-8"?>
<!-- Generated by org.testng.reporters.JUnitReportReporter -->
<testsuite hostname="IT-A7610" name="tfs_package.Register" tests="4" failures="0" timestamp="22 Sep 2016 06:16:17 GMT" time="39.145" errors="0">
  <testcase name="registerDetail" time="20.249" classname="tfs_package.Register"/>
  <testcase name="menu" time="3.088" classname="tfs_package.Register"/>
  <testcase name="login" time="7.445" classname="tfs_package.Register"/>
  <testcase name="authentication" time="8.363" classname="tfs_package.Register"/>
</testsuite> <!-- tfs_package.Register -->
