<?xml version="1.0" encoding="UTF-8"?>
<!-- Generated by org.testng.reporters.JUnitReportReporter -->
<testsuite hostname="IT-A7610" name="tfs_package.Register" tests="4" failures="0" timestamp="9 Sep 2016 09:57:03 GMT" time="39.088" errors="0">
  <testcase name="login" time="7.451" classname="tfs_package.Register"/>
  <testcase name="registerDetail" time="19.931" classname="tfs_package.Register"/>
  <testcase name="authentication" time="8.654" classname="tfs_package.Register"/>
  <testcase name="menu" time="3.052" classname="tfs_package.Register"/>
</testsuite> <!-- tfs_package.Register -->
