<?xml version="1.0" encoding="UTF-8"?>
<!-- Generated by org.testng.reporters.JUnitReportReporter -->
<testsuite hostname="IT-A7610" name="tfs_package.Test_logger" tests="3" failures="0" timestamp="11 Oct 2016 07:17:33 GMT" time="26.191" errors="0">
  <testcase name="f" time="8.250" classname="tfs_package.Test_logger"/>
  <testcase name="f" time="8.180" classname="tfs_package.Test_logger"/>
  <testcase name="f" time="9.761" classname="tfs_package.Test_logger"/>
</testsuite> <!-- tfs_package.Test_logger -->
