<?xml version="1.0" encoding="UTF-8"?>
<!-- Generated by org.testng.reporters.JUnitReportReporter -->
<testsuite hostname="IT-A7610" name="tfs_package.ApplicationAssign" tests="3" failures="0" timestamp="12 Sep 2016 09:47:16 GMT" time="29.301" errors="0">
  <testcase name="filter" time="18.876" classname="tfs_package.ApplicationAssign"/>
  <testcase name="menu" time="3.081" classname="tfs_package.ApplicationAssign"/>
  <testcase name="login" time="7.344" classname="tfs_package.ApplicationAssign"/>
</testsuite> <!-- tfs_package.ApplicationAssign -->
