<?xml version="1.0" encoding="UTF-8"?>
<!-- Generated by org.testng.reporters.JUnitReportReporter -->
<testsuite hostname="IT-A7610" name="tfs_package.InformationCheckIn" tests="3" failures="0" timestamp="9 Oct 2016 02:27:16 GMT" time="30.227" errors="0">
  <testcase name="login" time="5.048" classname="tfs_package.InformationCheckIn"/>
  <testcase name="filter4CheckIn" time="25.108" classname="tfs_package.InformationCheckIn"/>
  <testcase name="menu" time="0.071" classname="tfs_package.InformationCheckIn"/>
</testsuite> <!-- tfs_package.InformationCheckIn -->
