<?xml version="1.0" encoding="UTF-8"?>
<!-- Generated by org.testng.reporters.JUnitReportReporter -->
<testsuite hostname="IT-A7610" name="testNG_Baidu.TestNG_Basic" tests="3" failures="0" timestamp="19 Aug 2016 10:01:50 GMT" time="0.007" errors="0">
  <testcase name="c" time="0.001" classname="testNG_Baidu.TestNG_Basic"/>
  <testcase name="c" time="0.005" classname="testNG_Baidu.TestNG_Basic"/>
  <testcase name="paraTest" time="0.001" classname="testNG_Baidu.TestNG_Basic"/>
</testsuite> <!-- testNG_Baidu.TestNG_Basic -->
