<?xml version="1.0" encoding="UTF-8"?>
<!-- Generated by org.testng.reporters.JUnitReportReporter -->
<testsuite hostname="IT-A7610" name="testNG_Baidu.NewTest" tests="1" failures="0" timestamp="18 Aug 2016 08:34:29 GMT" time="0.002" errors="0">
  <testcase name="f" time="0.002" classname="testNG_Baidu.NewTest"/>
</testsuite> <!-- testNG_Baidu.NewTest -->
