<?xml version="1.0" encoding="UTF-8"?>
<!-- Generated by org.testng.reporters.JUnitReportReporter -->
<testsuite hostname="IT-A7610" name="testNG_Baidu.BaiduHomePage" tests="1" failures="0" timestamp="19 Aug 2016 09:24:57 GMT" time="11.905" errors="0">
  <testcase name="f" time="11.905" classname="testNG_Baidu.BaiduHomePage"/>
</testsuite> <!-- testNG_Baidu.BaiduHomePage -->
