<?xml version="1.0" encoding="UTF-8"?>
<!-- Generated by org.testng.reporters.JUnitReportReporter -->
<testsuite hostname="IT-A7610" name="seleniumTest.TestNG" tests="1" failures="0" timestamp="17 Aug 2016 03:53:28 GMT" time="23.768" errors="0">
  <testcase name="f" time="23.768" classname="seleniumTest.TestNG"/>
</testsuite> <!-- seleniumTest.TestNG -->
