<?xml version="1.0" encoding="UTF-8"?>
<!-- Generated by org.testng.reporters.JUnitReportReporter -->
<testsuite hostname="USER-20160709XI" name="testNG.NewTest" tests="1" failures="0" timestamp="20 Aug 2016 12:48:06 GMT" time="0.020" errors="0">
  <testcase name="f" time="0.020" classname="testNG.NewTest"/>
</testsuite> <!-- testNG.NewTest -->
