<?xml version="1.0" encoding="UTF-8"?>
<!-- Generated by org.testng.reporters.JUnitReportReporter -->
<testsuite hostname="IT-A7610" name="tfs_test_login.tfs_login" tests="1" failures="0" timestamp="16 Dec 2016 08:54:36 GMT" time="11.309" errors="0">
  <testcase name="f" time="11.309" classname="tfs_test_login.tfs_login"/>
</testsuite> <!-- tfs_test_login.tfs_login -->
