<?xml version="1.0" encoding="UTF-8"?>
<!-- Generated by org.testng.reporters.JUnitReportReporter -->
<testsuite hostname="IT-A7610" name="tfs_test_login.Register" tests="2" failures="0" timestamp="16 Dec 2016 10:11:10 GMT" time="7.822" errors="0">
  <testcase name="register" time="0.072" classname="tfs_test_login.Register"/>
  <testcase name="login" time="7.750" classname="tfs_test_login.Register"/>
</testsuite> <!-- tfs_test_login.Register -->
