<?xml version="1.0" encoding="UTF-8"?>
<!-- Generated by org.testng.reporters.JUnitReportReporter -->
<testsuite hostname="IT-A7610" name="tfs_test_login.tfs_register" tests="1" failures="0" timestamp="16 Dec 2016 08:54:36 GMT" time="6.396" errors="0">
  <testcase name="f" time="6.396" classname="tfs_test_login.tfs_register"/>
</testsuite> <!-- tfs_test_login.tfs_register -->
